*   dca4cbf (HEAD -> main) Merge branch 'feature-validate'
|\  
| * dbc9a0a (feature-validate) Mensaje en feature H4
|/  
| * 6d29feb (feature-rebase) commit 3
| * 97fdb15 commit 2
| * efdbbbd commit 1
|/  
* 63181d6 A単adir H5 en main
| * e911065 (feature-ffonly) A単adir parrafo con mensaje
|/  
* 04a07c7 A単adir un H3
* d34fb5a A単adir H2
* 030f7a7 Revert "Merge branch 'feature-update'"
*   f35dfad Merge branch 'feature-update'
|\  
| * 0145071 (feature-update) Cambio de mensaje en H1
* | dd1d41b Cambio de mensaje en H1 en main
|/  
* e07a287 Commit inicial
